
 *** 
 Currently running on cpu
 *** 

Saving output dataset under ./data/*_NoCat.csv 

Epoch 0 of 5000 running...
Epoch 0 complete. Test Loss: 0.146386 

Epoch 1 of 5000 running...
Epoch 1 complete. Test Loss: 0.122404 

Epoch 2 of 5000 running...
Epoch 2 complete. Test Loss: 0.107325 

Epoch 3 of 5000 running...
Epoch 3 complete. Test Loss: 0.101010 

Epoch 4 of 5000 running...
Epoch 4 complete. Test Loss: 0.093591 

Epoch 5 of 5000 running...
Epoch 5 complete. Test Loss: 0.087241 

Epoch 6 of 5000 running...
Epoch 6 complete. Test Loss: 0.083329 

Epoch 7 of 5000 running...
Epoch 7 complete. Test Loss: 0.080123 

Epoch 8 of 5000 running...
Epoch 8 complete. Test Loss: 0.077472 

Epoch 9 of 5000 running...
Epoch 9 complete. Test Loss: 0.076278 

Epoch 10 of 5000 running...
Epoch 10 complete. Test Loss: 0.075095 

Epoch 11 of 5000 running...
Epoch 11 complete. Test Loss: 0.073605 

Epoch 12 of 5000 running...
Epoch 12 complete. Test Loss: 0.072714 

Epoch 13 of 5000 running...
Epoch 13 complete. Test Loss: 0.072558 

Epoch 14 of 5000 running...
Epoch 14 complete. Test Loss: 0.070174 

Epoch 15 of 5000 running...
