
 *** 
 Currently running on cuda:0
 *** 

Saving output dataset under ./data/*_NoCat.csv 

Epoch 0 of 1000 running...
Epoch 0 complete. Test Loss: 0.104318 

Epoch 1 of 1000 running...
Epoch 1 complete. Test Loss: 0.088202 

Epoch 2 of 1000 running...
Epoch 2 complete. Test Loss: 0.080413 

Epoch 3 of 1000 running...
Epoch 3 complete. Test Loss: 0.077946 

Epoch 4 of 1000 running...
Epoch 4 complete. Test Loss: 0.075265 

Epoch 5 of 1000 running...
Epoch 5 complete. Test Loss: 0.073743 

Epoch 6 of 1000 running...
Epoch 6 complete. Test Loss: 0.072554 

Epoch 7 of 1000 running...
Epoch 7 complete. Test Loss: 0.069811 

Epoch 8 of 1000 running...
Epoch 8 complete. Test Loss: 0.069328 

Epoch 9 of 1000 running...
Epoch 9 complete. Test Loss: 0.069071 

Epoch 10 of 1000 running...
Epoch 10 complete. Test Loss: 0.068117 

Epoch 11 of 1000 running...
Epoch 11 complete. Test Loss: 0.069131 

Epoch 12 of 1000 running...
Epoch 12 complete. Test Loss: 0.068386 

Epoch 13 of 1000 running...
Epoch 13 complete. Test Loss: 0.066361 

Epoch 14 of 1000 running...
Epoch 14 complete. Test Loss: 0.068767 

Epoch 15 of 1000 running...
Epoch 15 complete. Test Loss: 0.068999 

Epoch 16 of 1000 running...
Epoch 16 complete. Test Loss: 0.063514 

Epoch 17 of 1000 running...
Epoch 17 complete. Test Loss: 0.066859 

Epoch 18 of 1000 running...
Epoch 18 complete. Test Loss: 0.064347 

Epoch 19 of 1000 running...
Epoch 19 complete. Test Loss: 0.063357 

Epoch 20 of 1000 running...
Epoch 20 complete. Test Loss: 0.068023 

Epoch 21 of 1000 running...
Epoch 21 complete. Test Loss: 0.070680 

Epoch 22 of 1000 running...
Epoch 22 complete. Test Loss: 0.067122 

Epoch 23 of 1000 running...
Epoch 23 complete. Test Loss: 0.065939 

Epoch 24 of 1000 running...
Epoch 24 complete. Test Loss: 0.063432 

Epoch 25 of 1000 running...
Epoch 25 complete. Test Loss: 0.064195 

Epoch 26 of 1000 running...
Epoch 26 complete. Test Loss: 0.063903 

Epoch 27 of 1000 running...
Epoch 27 complete. Test Loss: 0.060546 

Epoch 28 of 1000 running...
Epoch 28 complete. Test Loss: 0.063503 

Epoch 29 of 1000 running...
Epoch 29 complete. Test Loss: 0.060847 

Epoch 30 of 1000 running...
Epoch 30 complete. Test Loss: 0.061466 

Epoch 31 of 1000 running...
Epoch 31 complete. Test Loss: 0.058612 

Epoch 32 of 1000 running...
Epoch 32 complete. Test Loss: 0.061197 

Epoch 33 of 1000 running...
Epoch 33 complete. Test Loss: 0.058231 

Epoch 34 of 1000 running...
Epoch 34 complete. Test Loss: 0.057821 

Epoch 35 of 1000 running...
Epoch 35 complete. Test Loss: 0.058106 

Epoch 36 of 1000 running...
Epoch 36 complete. Test Loss: 0.059479 

Epoch 37 of 1000 running...
Epoch 37 complete. Test Loss: 0.058971 

Epoch 38 of 1000 running...
Epoch 38 complete. Test Loss: 0.056528 

Epoch 39 of 1000 running...
Epoch 39 complete. Test Loss: 0.054124 

Epoch 40 of 1000 running...
Epoch 40 complete. Test Loss: 0.053376 

Epoch 41 of 1000 running...
Epoch 41 complete. Test Loss: 0.052197 

Epoch 42 of 1000 running...
Epoch 42 complete. Test Loss: 0.047676 

Epoch 43 of 1000 running...
Epoch 43 complete. Test Loss: 0.051553 

Epoch 44 of 1000 running...
Epoch 44 complete. Test Loss: 0.049857 

Epoch 45 of 1000 running...
Epoch 45 complete. Test Loss: 0.049505 

Epoch 46 of 1000 running...
Epoch 46 complete. Test Loss: 0.049180 

Epoch 47 of 1000 running...
Epoch 47 complete. Test Loss: 0.048487 

Epoch 48 of 1000 running...
Epoch 48 complete. Test Loss: 0.048644 

Epoch 49 of 1000 running...
Epoch 49 complete. Test Loss: 0.050077 

Epoch 50 of 1000 running...
Epoch 50 complete. Test Loss: 0.051474 

Epoch 51 of 1000 running...
Epoch 51 complete. Test Loss: 0.051941 

Epoch 52 of 1000 running...
Epoch 52 complete. Test Loss: 0.053978 

Epoch 53 of 1000 running...
Epoch 53 complete. Test Loss: 0.052951 

Epoch 54 of 1000 running...
Epoch 54 complete. Test Loss: 0.054981 

Epoch 55 of 1000 running...
Epoch 55 complete. Test Loss: 0.049365 

Epoch 56 of 1000 running...
Epoch 56 complete. Test Loss: 0.047065 

Epoch 57 of 1000 running...
Epoch 57 complete. Test Loss: 0.042202 

Epoch 58 of 1000 running...
Epoch 58 complete. Test Loss: 0.045100 

Epoch 59 of 1000 running...
Epoch 59 complete. Test Loss: 0.043687 

Epoch 60 of 1000 running...
Epoch 60 complete. Test Loss: 0.042304 

Epoch 61 of 1000 running...
Epoch 61 complete. Test Loss: 0.039120 

Epoch 62 of 1000 running...
Epoch 62 complete. Test Loss: 0.043923 

Epoch 63 of 1000 running...
Epoch 63 complete. Test Loss: 0.044200 

Epoch 64 of 1000 running...
Epoch 64 complete. Test Loss: 0.041442 

Epoch 65 of 1000 running...
Epoch 65 complete. Test Loss: 0.042379 

Epoch 66 of 1000 running...
Epoch 66 complete. Test Loss: 0.043361 

Epoch 67 of 1000 running...
Epoch 67 complete. Test Loss: 0.042490 

Epoch 68 of 1000 running...
Epoch 68 complete. Test Loss: 0.041603 

Epoch 69 of 1000 running...
Epoch 69 complete. Test Loss: 0.040637 

Epoch 70 of 1000 running...
Epoch 70 complete. Test Loss: 0.042418 

Epoch 71 of 1000 running...
Epoch 71 complete. Test Loss: 0.050771 

Epoch 72 of 1000 running...
Epoch 72 complete. Test Loss: 0.050828 

Epoch 73 of 1000 running...
Epoch 73 complete. Test Loss: 0.047061 

Epoch 74 of 1000 running...
Epoch 74 complete. Test Loss: 0.049851 

Epoch 75 of 1000 running...
Epoch 75 complete. Test Loss: 0.045265 

Epoch 76 of 1000 running...
Epoch 76 complete. Test Loss: 0.045753 

Epoch 77 of 1000 running...
Epoch 77 complete. Test Loss: 0.043846 

Epoch 78 of 1000 running...
Epoch 78 complete. Test Loss: 0.040358 

Epoch 79 of 1000 running...
Epoch 79 complete. Test Loss: 0.039765 

Epoch 80 of 1000 running...
Epoch 80 complete. Test Loss: 0.042845 

Epoch 81 of 1000 running...
Epoch 81 complete. Test Loss: 0.042128 

Epoch 82 of 1000 running...
Epoch 82 complete. Test Loss: 0.042657 

Epoch 83 of 1000 running...
Epoch 83 complete. Test Loss: 0.042074 

Epoch 84 of 1000 running...
Epoch 84 complete. Test Loss: 0.037286 

Epoch 85 of 1000 running...
Epoch 85 complete. Test Loss: 0.043351 

Epoch 86 of 1000 running...
Epoch 86 complete. Test Loss: 0.038183 

Epoch 87 of 1000 running...
Epoch 87 complete. Test Loss: 0.038274 

Epoch 88 of 1000 running...
Epoch 88 complete. Test Loss: 0.048041 

Epoch 89 of 1000 running...
Epoch 89 complete. Test Loss: 0.040151 

Epoch 90 of 1000 running...
Epoch 90 complete. Test Loss: 0.047526 

Epoch 91 of 1000 running...
Epoch 91 complete. Test Loss: 0.041346 

Epoch 92 of 1000 running...
Epoch 92 complete. Test Loss: 0.044325 

Epoch 93 of 1000 running...
Epoch 93 complete. Test Loss: 0.049746 

Epoch 94 of 1000 running...
Epoch 94 complete. Test Loss: 0.056018 

Epoch 95 of 1000 running...
Epoch 95 complete. Test Loss: 0.048449 

Epoch 96 of 1000 running...
Epoch 96 complete. Test Loss: 0.051731 

Epoch 97 of 1000 running...
Epoch 97 complete. Test Loss: 0.044899 

Epoch 98 of 1000 running...
Epoch 98 complete. Test Loss: 0.049307 

Epoch 99 of 1000 running...
Epoch 99 complete. Test Loss: 0.041094 

Epoch 100 of 1000 running...
Epoch 100 complete. Test Loss: 0.036339 

Epoch 101 of 1000 running...
Epoch 101 complete. Test Loss: 0.034870 

Epoch 102 of 1000 running...
Epoch 102 complete. Test Loss: 0.034980 

Epoch 103 of 1000 running...
Epoch 103 complete. Test Loss: 0.032132 

Epoch 104 of 1000 running...
Epoch 104 complete. Test Loss: 0.034497 

Epoch 105 of 1000 running...
Epoch 105 complete. Test Loss: 0.038428 

Epoch 106 of 1000 running...
Epoch 106 complete. Test Loss: 0.036467 

Epoch 107 of 1000 running...
Epoch 107 complete. Test Loss: 0.040795 

Epoch 108 of 1000 running...
Epoch 108 complete. Test Loss: 0.040476 

Epoch 109 of 1000 running...
Epoch 109 complete. Test Loss: 0.037574 

Epoch 110 of 1000 running...
Epoch 110 complete. Test Loss: 0.044669 

Epoch 111 of 1000 running...
Epoch 111 complete. Test Loss: 0.048102 

Epoch 112 of 1000 running...
Epoch 112 complete. Test Loss: 0.041918 

Epoch 113 of 1000 running...
Epoch 113 complete. Test Loss: 0.047468 

Epoch 114 of 1000 running...
Epoch 114 complete. Test Loss: 0.047859 

Epoch 115 of 1000 running...
Epoch 115 complete. Test Loss: 0.041054 

Epoch 116 of 1000 running...
Epoch 116 complete. Test Loss: 0.048099 

Epoch 117 of 1000 running...
Epoch 117 complete. Test Loss: 0.049682 

Epoch 118 of 1000 running...
Epoch 118 complete. Test Loss: 0.048688 

Epoch 119 of 1000 running...
Epoch 119 complete. Test Loss: 0.054022 

Epoch 120 of 1000 running...
Epoch 120 complete. Test Loss: 0.059216 

Epoch 121 of 1000 running...
Epoch 121 complete. Test Loss: 0.062909 

Epoch 122 of 1000 running...
Epoch 122 complete. Test Loss: 0.067568 

Epoch 123 of 1000 running...
Epoch 123 complete. Test Loss: 0.067663 

Epoch 124 of 1000 running...
Epoch 124 complete. Test Loss: 0.052242 

Epoch 125 of 1000 running...
Epoch 125 complete. Test Loss: 0.050650 

Epoch 126 of 1000 running...
Epoch 126 complete. Test Loss: 0.047917 

Epoch 127 of 1000 running...
Epoch 127 complete. Test Loss: 0.058224 

Epoch 128 of 1000 running...
Epoch 128 complete. Test Loss: 0.058754 

Epoch 129 of 1000 running...
Epoch 129 complete. Test Loss: 0.065080 

Epoch 130 of 1000 running...
Epoch 130 complete. Test Loss: 0.067648 

Epoch 131 of 1000 running...
Epoch 131 complete. Test Loss: 0.071932 

Epoch 132 of 1000 running...
Epoch 132 complete. Test Loss: 0.071408 

Epoch 133 of 1000 running...
Epoch 133 complete. Test Loss: 0.076279 

Epoch 134 of 1000 running...
Epoch 134 complete. Test Loss: 0.071428 

Epoch 135 of 1000 running...
Epoch 135 complete. Test Loss: 0.068214 

Epoch 136 of 1000 running...
Epoch 136 complete. Test Loss: 0.069390 

Epoch 137 of 1000 running...
Epoch 137 complete. Test Loss: 0.074292 

Epoch 138 of 1000 running...
Epoch 138 complete. Test Loss: 0.082692 

Epoch 139 of 1000 running...
Epoch 139 complete. Test Loss: 0.074449 

Epoch 140 of 1000 running...
Epoch 140 complete. Test Loss: 0.068243 

Epoch 141 of 1000 running...
Epoch 141 complete. Test Loss: 0.069217 

Epoch 142 of 1000 running...
Epoch 142 complete. Test Loss: 0.067472 

Epoch 143 of 1000 running...
Epoch 143 complete. Test Loss: 0.071228 

Epoch 144 of 1000 running...
Epoch 144 complete. Test Loss: 0.075146 

Epoch 145 of 1000 running...
Epoch 145 complete. Test Loss: 0.073955 

Epoch 146 of 1000 running...
Epoch 146 complete. Test Loss: 0.076079 

Epoch 147 of 1000 running...
Epoch 147 complete. Test Loss: 0.080357 

Epoch 148 of 1000 running...
Epoch 148 complete. Test Loss: 0.093055 

Epoch 149 of 1000 running...
Epoch 149 complete. Test Loss: 0.106159 

Epoch 150 of 1000 running...
Epoch 150 complete. Test Loss: 0.093558 

Epoch 151 of 1000 running...
Epoch 151 complete. Test Loss: 0.073313 

Epoch 152 of 1000 running...
Epoch 152 complete. Test Loss: 0.080967 

Epoch 153 of 1000 running...
Epoch 153 complete. Test Loss: 0.084434 

Epoch 154 of 1000 running...
Epoch 154 complete. Test Loss: 0.074523 

Epoch 155 of 1000 running...
Epoch 155 complete. Test Loss: 0.073221 

Epoch 156 of 1000 running...
Epoch 156 complete. Test Loss: 0.066235 

Epoch 157 of 1000 running...
Epoch 157 complete. Test Loss: 0.056942 

Epoch 158 of 1000 running...
Epoch 158 complete. Test Loss: 0.053572 

Epoch 159 of 1000 running...
Epoch 159 complete. Test Loss: 0.049199 

Epoch 160 of 1000 running...
Epoch 160 complete. Test Loss: 0.042307 

Epoch 161 of 1000 running...
Epoch 161 complete. Test Loss: 0.048650 

Epoch 162 of 1000 running...
Epoch 162 complete. Test Loss: 0.049059 

Epoch 163 of 1000 running...
Epoch 163 complete. Test Loss: 0.040829 

Epoch 164 of 1000 running...
Epoch 164 complete. Test Loss: 0.042890 

Epoch 165 of 1000 running...
Epoch 165 complete. Test Loss: 0.040395 

Epoch 166 of 1000 running...
Epoch 166 complete. Test Loss: 0.042231 

Epoch 167 of 1000 running...
Epoch 167 complete. Test Loss: 0.049389 

Epoch 168 of 1000 running...
Epoch 168 complete. Test Loss: 0.039898 

Epoch 169 of 1000 running...
Epoch 169 complete. Test Loss: 0.037078 

Epoch 170 of 1000 running...
Epoch 170 complete. Test Loss: 0.041377 

Epoch 171 of 1000 running...
Epoch 171 complete. Test Loss: 0.043127 

Epoch 172 of 1000 running...
Epoch 172 complete. Test Loss: 0.043414 

Epoch 173 of 1000 running...
Epoch 173 complete. Test Loss: 0.041037 

Epoch 174 of 1000 running...
Epoch 174 complete. Test Loss: 0.050160 

Epoch 175 of 1000 running...
Epoch 175 complete. Test Loss: 0.052602 

Epoch 176 of 1000 running...
Epoch 176 complete. Test Loss: 0.048061 

Epoch 177 of 1000 running...
Epoch 177 complete. Test Loss: 0.054085 

Epoch 178 of 1000 running...
Epoch 178 complete. Test Loss: 0.063798 

Epoch 179 of 1000 running...
Epoch 179 complete. Test Loss: 0.066403 

Epoch 180 of 1000 running...
Epoch 180 complete. Test Loss: 0.061860 

Epoch 181 of 1000 running...
Epoch 181 complete. Test Loss: 0.050420 

Epoch 182 of 1000 running...
Epoch 182 complete. Test Loss: 0.045132 

Epoch 183 of 1000 running...
Epoch 183 complete. Test Loss: 0.043807 

Epoch 184 of 1000 running...
Epoch 184 complete. Test Loss: 0.048701 

Epoch 185 of 1000 running...
Epoch 185 complete. Test Loss: 0.059101 

Epoch 186 of 1000 running...
Epoch 186 complete. Test Loss: 0.068079 

Epoch 187 of 1000 running...
Epoch 187 complete. Test Loss: 0.073634 

Epoch 188 of 1000 running...
Epoch 188 complete. Test Loss: 0.070494 

Epoch 189 of 1000 running...
Epoch 189 complete. Test Loss: 0.082885 

Epoch 190 of 1000 running...
Epoch 190 complete. Test Loss: 0.083965 

Epoch 191 of 1000 running...
Epoch 191 complete. Test Loss: 0.084973 

Epoch 192 of 1000 running...
Epoch 192 complete. Test Loss: 0.078081 

Epoch 193 of 1000 running...
Epoch 193 complete. Test Loss: 0.079085 

Epoch 194 of 1000 running...
Epoch 194 complete. Test Loss: 0.098103 

Epoch 195 of 1000 running...
Epoch 195 complete. Test Loss: 0.096865 

Epoch 196 of 1000 running...
Epoch 196 complete. Test Loss: 0.075194 

Epoch 197 of 1000 running...
Epoch 197 complete. Test Loss: 0.053737 

Epoch 198 of 1000 running...
Epoch 198 complete. Test Loss: 0.057552 

Epoch 199 of 1000 running...
Epoch 199 complete. Test Loss: 0.062812 

Epoch 200 of 1000 running...
Epoch 200 complete. Test Loss: 0.056578 

Epoch 201 of 1000 running...
Epoch 201 complete. Test Loss: 0.047167 

Epoch 202 of 1000 running...
Epoch 202 complete. Test Loss: 0.053735 

Epoch 203 of 1000 running...
Epoch 203 complete. Test Loss: 0.052213 

Epoch 204 of 1000 running...
Epoch 204 complete. Test Loss: 0.060533 

Epoch 205 of 1000 running...
Epoch 205 complete. Test Loss: 0.059936 

Epoch 206 of 1000 running...
Epoch 206 complete. Test Loss: 0.057289 

Epoch 207 of 1000 running...
Epoch 207 complete. Test Loss: 0.055432 

Epoch 208 of 1000 running...
Epoch 208 complete. Test Loss: 0.056980 

Epoch 209 of 1000 running...
Epoch 209 complete. Test Loss: 0.051561 

Epoch 210 of 1000 running...
Epoch 210 complete. Test Loss: 0.050897 

Epoch 211 of 1000 running...
Epoch 211 complete. Test Loss: 0.049629 

Epoch 212 of 1000 running...
Epoch 212 complete. Test Loss: 0.055471 

Epoch 213 of 1000 running...
Epoch 213 complete. Test Loss: 0.061939 

Epoch 214 of 1000 running...
Epoch 214 complete. Test Loss: 0.055616 

Epoch 215 of 1000 running...
Epoch 215 complete. Test Loss: 0.054472 

Epoch 216 of 1000 running...
Epoch 216 complete. Test Loss: 0.058579 

Epoch 217 of 1000 running...
Epoch 217 complete. Test Loss: 0.051261 

Epoch 218 of 1000 running...
Epoch 218 complete. Test Loss: 0.044239 

Epoch 219 of 1000 running...
Epoch 219 complete. Test Loss: 0.055680 

Epoch 220 of 1000 running...
Epoch 220 complete. Test Loss: 0.057664 

Epoch 221 of 1000 running...
Epoch 221 complete. Test Loss: 0.052127 

Epoch 222 of 1000 running...
Epoch 222 complete. Test Loss: 0.054837 

Epoch 223 of 1000 running...
Epoch 223 complete. Test Loss: 0.049559 

Epoch 224 of 1000 running...
Epoch 224 complete. Test Loss: 0.064671 

Epoch 225 of 1000 running...
Epoch 225 complete. Test Loss: 0.071987 

Epoch 226 of 1000 running...
Epoch 226 complete. Test Loss: 0.061314 

Epoch 227 of 1000 running...
Epoch 227 complete. Test Loss: 0.060478 

Epoch 228 of 1000 running...
Epoch 228 complete. Test Loss: 0.068184 

Epoch 229 of 1000 running...
Epoch 229 complete. Test Loss: 0.071360 

Epoch 230 of 1000 running...
Epoch 230 complete. Test Loss: 0.066900 

Epoch 231 of 1000 running...
Epoch 231 complete. Test Loss: 0.067510 

Epoch 232 of 1000 running...
Epoch 232 complete. Test Loss: 0.081097 

Epoch 233 of 1000 running...
Epoch 233 complete. Test Loss: 0.091203 

Epoch 234 of 1000 running...
Epoch 234 complete. Test Loss: 0.117838 

Epoch 235 of 1000 running...
Epoch 235 complete. Test Loss: 0.137816 

Epoch 236 of 1000 running...
Epoch 236 complete. Test Loss: 0.174551 

Epoch 237 of 1000 running...
Epoch 237 complete. Test Loss: 0.165272 

Epoch 238 of 1000 running...
Epoch 238 complete. Test Loss: 0.139042 

Epoch 239 of 1000 running...
Epoch 239 complete. Test Loss: 0.099689 

Epoch 240 of 1000 running...
Epoch 240 complete. Test Loss: 0.079505 

Epoch 241 of 1000 running...
Epoch 241 complete. Test Loss: 0.077021 

Epoch 242 of 1000 running...
Epoch 242 complete. Test Loss: 0.062192 

Epoch 243 of 1000 running...
Epoch 243 complete. Test Loss: 0.065837 

Epoch 244 of 1000 running...
Epoch 244 complete. Test Loss: 0.070354 

Epoch 245 of 1000 running...
Epoch 245 complete. Test Loss: 0.058454 

Epoch 246 of 1000 running...
Epoch 246 complete. Test Loss: 0.050642 

Epoch 247 of 1000 running...
Epoch 247 complete. Test Loss: 0.050570 

Epoch 248 of 1000 running...
Epoch 248 complete. Test Loss: 0.068781 

Epoch 249 of 1000 running...
Epoch 249 complete. Test Loss: 0.071737 

Epoch 250 of 1000 running...
Epoch 250 complete. Test Loss: 0.059128 

Epoch 251 of 1000 running...
Epoch 251 complete. Test Loss: 0.065147 

Epoch 252 of 1000 running...
Epoch 252 complete. Test Loss: 0.071185 

Epoch 253 of 1000 running...
Epoch 253 complete. Test Loss: 0.068093 

Epoch 254 of 1000 running...
Epoch 254 complete. Test Loss: 0.061877 

Epoch 255 of 1000 running...
Epoch 255 complete. Test Loss: 0.058069 

Epoch 256 of 1000 running...
Epoch 256 complete. Test Loss: 0.060597 

Epoch 257 of 1000 running...
Epoch 257 complete. Test Loss: 0.055199 

Epoch 258 of 1000 running...
Epoch 258 complete. Test Loss: 0.062027 

Epoch 259 of 1000 running...
Epoch 259 complete. Test Loss: 0.062353 

Epoch 260 of 1000 running...
Epoch 260 complete. Test Loss: 0.061338 

Epoch 261 of 1000 running...
Epoch 261 complete. Test Loss: 0.061787 

Epoch 262 of 1000 running...
Epoch 262 complete. Test Loss: 0.055865 

Epoch 263 of 1000 running...
Epoch 263 complete. Test Loss: 0.071205 

Epoch 264 of 1000 running...
Epoch 264 complete. Test Loss: 0.061074 

Epoch 265 of 1000 running...
Epoch 265 complete. Test Loss: 0.058197 

Epoch 266 of 1000 running...
Epoch 266 complete. Test Loss: 0.070711 

Epoch 267 of 1000 running...
Epoch 267 complete. Test Loss: 0.070671 

Epoch 268 of 1000 running...
Epoch 268 complete. Test Loss: 0.061478 

Epoch 269 of 1000 running...
Epoch 269 complete. Test Loss: 0.061762 

Epoch 270 of 1000 running...
Epoch 270 complete. Test Loss: 0.068712 

Epoch 271 of 1000 running...
Epoch 271 complete. Test Loss: 0.080207 

Epoch 272 of 1000 running...
Epoch 272 complete. Test Loss: 0.067547 

Epoch 273 of 1000 running...
Epoch 273 complete. Test Loss: 0.073966 

Epoch 274 of 1000 running...
Epoch 274 complete. Test Loss: 0.078560 

Epoch 275 of 1000 running...
Epoch 275 complete. Test Loss: 0.078522 

Epoch 276 of 1000 running...
Epoch 276 complete. Test Loss: 0.068218 

Epoch 277 of 1000 running...
Epoch 277 complete. Test Loss: 0.074171 

Epoch 278 of 1000 running...
Epoch 278 complete. Test Loss: 0.069258 

Epoch 279 of 1000 running...
Epoch 279 complete. Test Loss: 0.073537 

Epoch 280 of 1000 running...
Epoch 280 complete. Test Loss: 0.057388 

Epoch 281 of 1000 running...
Epoch 281 complete. Test Loss: 0.068438 

Epoch 282 of 1000 running...
Epoch 282 complete. Test Loss: 0.060403 

Epoch 283 of 1000 running...
Epoch 283 complete. Test Loss: 0.066536 

Epoch 284 of 1000 running...
Epoch 284 complete. Test Loss: 0.058165 

Epoch 285 of 1000 running...
Epoch 285 complete. Test Loss: 0.064657 

Epoch 286 of 1000 running...
Epoch 286 complete. Test Loss: 0.056399 

Epoch 287 of 1000 running...
Epoch 287 complete. Test Loss: 0.058458 

Epoch 288 of 1000 running...
Epoch 288 complete. Test Loss: 0.070456 

Epoch 289 of 1000 running...
Epoch 289 complete. Test Loss: 0.062146 

Epoch 290 of 1000 running...
Epoch 290 complete. Test Loss: 0.076029 

Epoch 291 of 1000 running...
Epoch 291 complete. Test Loss: 0.079069 

Epoch 292 of 1000 running...
Epoch 292 complete. Test Loss: 0.078176 

Epoch 293 of 1000 running...
Epoch 293 complete. Test Loss: 0.083813 

Epoch 294 of 1000 running...
Epoch 294 complete. Test Loss: 0.085196 

Epoch 295 of 1000 running...
Epoch 295 complete. Test Loss: 0.084266 

Epoch 296 of 1000 running...
Epoch 296 complete. Test Loss: 0.083695 

Epoch 297 of 1000 running...
Epoch 297 complete. Test Loss: 0.102344 

Epoch 298 of 1000 running...
Epoch 298 complete. Test Loss: 0.099960 

Epoch 299 of 1000 running...
Epoch 299 complete. Test Loss: 0.109848 

Epoch 300 of 1000 running...
Epoch 300 complete. Test Loss: 0.108417 

Epoch 301 of 1000 running...
Epoch 301 complete. Test Loss: 0.116797 

Epoch 302 of 1000 running...
Epoch 302 complete. Test Loss: 0.117882 

Epoch 303 of 1000 running...
Epoch 303 complete. Test Loss: 0.118715 

Epoch 304 of 1000 running...
Epoch 304 complete. Test Loss: 0.127505 

Epoch 305 of 1000 running...
Epoch 305 complete. Test Loss: 0.132103 

Epoch 306 of 1000 running...
Epoch 306 complete. Test Loss: 0.138118 

Epoch 307 of 1000 running...
Epoch 307 complete. Test Loss: 0.133473 

Epoch 308 of 1000 running...
Epoch 308 complete. Test Loss: 0.149728 

Epoch 309 of 1000 running...
Epoch 309 complete. Test Loss: 0.157700 

Epoch 310 of 1000 running...
Epoch 310 complete. Test Loss: 0.163686 

Epoch 311 of 1000 running...
Epoch 311 complete. Test Loss: 0.155664 

Epoch 312 of 1000 running...
Epoch 312 complete. Test Loss: 0.157151 

Epoch 313 of 1000 running...
Epoch 313 complete. Test Loss: 0.152380 

Epoch 314 of 1000 running...
Epoch 314 complete. Test Loss: 0.156072 

Epoch 315 of 1000 running...
Epoch 315 complete. Test Loss: 0.143883 

Epoch 316 of 1000 running...
Epoch 316 complete. Test Loss: 0.133148 

Epoch 317 of 1000 running...
Epoch 317 complete. Test Loss: 0.143652 

Epoch 318 of 1000 running...
Epoch 318 complete. Test Loss: 0.152084 

Epoch 319 of 1000 running...
Epoch 319 complete. Test Loss: 0.154935 

Epoch 320 of 1000 running...
Epoch 320 complete. Test Loss: 0.147351 

Epoch 321 of 1000 running...
Epoch 321 complete. Test Loss: 0.141007 

Epoch 322 of 1000 running...
Epoch 322 complete. Test Loss: 0.131956 

Epoch 323 of 1000 running...
Epoch 323 complete. Test Loss: 0.129315 

Epoch 324 of 1000 running...
Epoch 324 complete. Test Loss: 0.128664 

Epoch 325 of 1000 running...
Epoch 325 complete. Test Loss: 0.119266 

Epoch 326 of 1000 running...
Epoch 326 complete. Test Loss: 0.120546 

Epoch 327 of 1000 running...
Epoch 327 complete. Test Loss: 0.127440 

Epoch 328 of 1000 running...
Epoch 328 complete. Test Loss: 0.117384 

Epoch 329 of 1000 running...
Epoch 329 complete. Test Loss: 0.120598 

Epoch 330 of 1000 running...
Epoch 330 complete. Test Loss: 0.115562 

Epoch 331 of 1000 running...
Epoch 331 complete. Test Loss: 0.111213 

Epoch 332 of 1000 running...
Epoch 332 complete. Test Loss: 0.112814 

Epoch 333 of 1000 running...
Epoch 333 complete. Test Loss: 0.122032 

Epoch 334 of 1000 running...
Epoch 334 complete. Test Loss: 0.124509 

Epoch 335 of 1000 running...
Epoch 335 complete. Test Loss: 0.134537 

Epoch 336 of 1000 running...
Epoch 336 complete. Test Loss: 0.117766 

Epoch 337 of 1000 running...
Epoch 337 complete. Test Loss: 0.112538 

Epoch 338 of 1000 running...
Epoch 338 complete. Test Loss: 0.108587 

Epoch 339 of 1000 running...
Epoch 339 complete. Test Loss: 0.098778 

Epoch 340 of 1000 running...
Epoch 340 complete. Test Loss: 0.090237 

Epoch 341 of 1000 running...
Epoch 341 complete. Test Loss: 0.100340 

Epoch 342 of 1000 running...
Epoch 342 complete. Test Loss: 0.093946 

Epoch 343 of 1000 running...
Epoch 343 complete. Test Loss: 0.084248 

Epoch 344 of 1000 running...
Epoch 344 complete. Test Loss: 0.068761 

Epoch 345 of 1000 running...
Epoch 345 complete. Test Loss: 0.081561 

Epoch 346 of 1000 running...
Epoch 346 complete. Test Loss: 0.073650 

Epoch 347 of 1000 running...
Epoch 347 complete. Test Loss: 0.089717 

Epoch 348 of 1000 running...
Epoch 348 complete. Test Loss: 0.098510 

Epoch 349 of 1000 running...
Epoch 349 complete. Test Loss: 0.090352 

Epoch 350 of 1000 running...
Epoch 350 complete. Test Loss: 0.099950 

Epoch 351 of 1000 running...
Epoch 351 complete. Test Loss: 0.109899 

Epoch 352 of 1000 running...
Epoch 352 complete. Test Loss: 0.098502 

Epoch 353 of 1000 running...
Epoch 353 complete. Test Loss: 0.093558 

Epoch 354 of 1000 running...
Epoch 354 complete. Test Loss: 0.086801 

Epoch 355 of 1000 running...
Epoch 355 complete. Test Loss: 0.076950 

Epoch 356 of 1000 running...
Epoch 356 complete. Test Loss: 0.076340 

Epoch 357 of 1000 running...
Epoch 357 complete. Test Loss: 0.086303 

Epoch 358 of 1000 running...
Epoch 358 complete. Test Loss: 0.075138 

Epoch 359 of 1000 running...
Epoch 359 complete. Test Loss: 0.078567 

Epoch 360 of 1000 running...
Epoch 360 complete. Test Loss: 0.086704 

Epoch 361 of 1000 running...
Epoch 361 complete. Test Loss: 0.085847 

Epoch 362 of 1000 running...
Epoch 362 complete. Test Loss: 0.082842 

Epoch 363 of 1000 running...
Epoch 363 complete. Test Loss: 0.084097 

Epoch 364 of 1000 running...
Epoch 364 complete. Test Loss: 0.077041 

Epoch 365 of 1000 running...
Epoch 365 complete. Test Loss: 0.081625 

Epoch 366 of 1000 running...
Epoch 366 complete. Test Loss: 0.079166 

Epoch 367 of 1000 running...
Epoch 367 complete. Test Loss: 0.074586 

Epoch 368 of 1000 running...
Epoch 368 complete. Test Loss: 0.088986 

Epoch 369 of 1000 running...
Epoch 369 complete. Test Loss: 0.077594 

Epoch 370 of 1000 running...
Epoch 370 complete. Test Loss: 0.079269 

Epoch 371 of 1000 running...
Epoch 371 complete. Test Loss: 0.073315 

Epoch 372 of 1000 running...
Epoch 372 complete. Test Loss: 0.075533 

Epoch 373 of 1000 running...
Epoch 373 complete. Test Loss: 0.076118 

Epoch 374 of 1000 running...
Epoch 374 complete. Test Loss: 0.082068 

Epoch 375 of 1000 running...
Epoch 375 complete. Test Loss: 0.071172 

Epoch 376 of 1000 running...
Epoch 376 complete. Test Loss: 0.073230 

Epoch 377 of 1000 running...
Epoch 377 complete. Test Loss: 0.081797 

Epoch 378 of 1000 running...
Epoch 378 complete. Test Loss: 0.070275 

Epoch 379 of 1000 running...
Epoch 379 complete. Test Loss: 0.069794 

Epoch 380 of 1000 running...
Epoch 380 complete. Test Loss: 0.073411 

Epoch 381 of 1000 running...
Epoch 381 complete. Test Loss: 0.081361 

Epoch 382 of 1000 running...
Epoch 382 complete. Test Loss: 0.074658 

Epoch 383 of 1000 running...
Epoch 383 complete. Test Loss: 0.071448 

Epoch 384 of 1000 running...
Epoch 384 complete. Test Loss: 0.075126 

Epoch 385 of 1000 running...
Epoch 385 complete. Test Loss: 0.081606 

Epoch 386 of 1000 running...
Epoch 386 complete. Test Loss: 0.078986 

Epoch 387 of 1000 running...
Epoch 387 complete. Test Loss: 0.081436 

Epoch 388 of 1000 running...
Epoch 388 complete. Test Loss: 0.071069 

Epoch 389 of 1000 running...
Epoch 389 complete. Test Loss: 0.083037 

Epoch 390 of 1000 running...
Epoch 390 complete. Test Loss: 0.075537 

Epoch 391 of 1000 running...
Epoch 391 complete. Test Loss: 0.073283 

Epoch 392 of 1000 running...
Epoch 392 complete. Test Loss: 0.083361 

Epoch 393 of 1000 running...
Epoch 393 complete. Test Loss: 0.078897 

Epoch 394 of 1000 running...
Epoch 394 complete. Test Loss: 0.080095 

Epoch 395 of 1000 running...
Epoch 395 complete. Test Loss: 0.073472 

Epoch 396 of 1000 running...
Epoch 396 complete. Test Loss: 0.072363 

Epoch 397 of 1000 running...
Epoch 397 complete. Test Loss: 0.082109 

Epoch 398 of 1000 running...
Epoch 398 complete. Test Loss: 0.083211 

Epoch 399 of 1000 running...
Epoch 399 complete. Test Loss: 0.076849 

Epoch 400 of 1000 running...
Epoch 400 complete. Test Loss: 0.084836 

Epoch 401 of 1000 running...
Epoch 401 complete. Test Loss: 0.073447 

Epoch 402 of 1000 running...
Epoch 402 complete. Test Loss: 0.066926 

Epoch 403 of 1000 running...
Epoch 403 complete. Test Loss: 0.066882 

Epoch 404 of 1000 running...
Epoch 404 complete. Test Loss: 0.078002 

Epoch 405 of 1000 running...
Epoch 405 complete. Test Loss: 0.075914 

Epoch 406 of 1000 running...
Epoch 406 complete. Test Loss: 0.071181 

Epoch 407 of 1000 running...
Epoch 407 complete. Test Loss: 0.074451 

Epoch 408 of 1000 running...
Epoch 408 complete. Test Loss: 0.080164 

Epoch 409 of 1000 running...
Epoch 409 complete. Test Loss: 0.085612 

Epoch 410 of 1000 running...
Epoch 410 complete. Test Loss: 0.077979 

Epoch 411 of 1000 running...
Epoch 411 complete. Test Loss: 0.083419 

Epoch 412 of 1000 running...
Epoch 412 complete. Test Loss: 0.080009 

Epoch 413 of 1000 running...
Epoch 413 complete. Test Loss: 0.079211 

Epoch 414 of 1000 running...
Epoch 414 complete. Test Loss: 0.081630 

Epoch 415 of 1000 running...
Epoch 415 complete. Test Loss: 0.078997 

Epoch 416 of 1000 running...
Epoch 416 complete. Test Loss: 0.077418 

Epoch 417 of 1000 running...
Epoch 417 complete. Test Loss: 0.077512 

Epoch 418 of 1000 running...
Epoch 418 complete. Test Loss: 0.078136 

Epoch 419 of 1000 running...
Epoch 419 complete. Test Loss: 0.083067 

Epoch 420 of 1000 running...
Epoch 420 complete. Test Loss: 0.076892 

Epoch 421 of 1000 running...
Epoch 421 complete. Test Loss: 0.080998 

Epoch 422 of 1000 running...
Epoch 422 complete. Test Loss: 0.083702 

Epoch 423 of 1000 running...
Epoch 423 complete. Test Loss: 0.101884 

Epoch 424 of 1000 running...
Epoch 424 complete. Test Loss: 0.114412 

Epoch 425 of 1000 running...
Epoch 425 complete. Test Loss: 0.119442 

Epoch 426 of 1000 running...
Epoch 426 complete. Test Loss: 0.137541 

Epoch 427 of 1000 running...
Epoch 427 complete. Test Loss: 0.143457 

Epoch 428 of 1000 running...
Epoch 428 complete. Test Loss: 0.158339 

Epoch 429 of 1000 running...
Epoch 429 complete. Test Loss: 0.181961 

Epoch 430 of 1000 running...
Epoch 430 complete. Test Loss: 0.191339 

Epoch 431 of 1000 running...
Epoch 431 complete. Test Loss: 0.204219 

Epoch 432 of 1000 running...
Epoch 432 complete. Test Loss: 0.221244 

Epoch 433 of 1000 running...
Epoch 433 complete. Test Loss: 0.222525 

Epoch 434 of 1000 running...
Epoch 434 complete. Test Loss: 0.217487 

Epoch 435 of 1000 running...
Epoch 435 complete. Test Loss: 0.199468 

Epoch 436 of 1000 running...
Epoch 436 complete. Test Loss: 0.166207 

Epoch 437 of 1000 running...
Epoch 437 complete. Test Loss: 0.177075 

Epoch 438 of 1000 running...
Epoch 438 complete. Test Loss: 0.202495 

Epoch 439 of 1000 running...
Epoch 439 complete. Test Loss: 0.202414 

Epoch 440 of 1000 running...
Epoch 440 complete. Test Loss: 0.212252 

Epoch 441 of 1000 running...
Epoch 441 complete. Test Loss: 0.225487 

Epoch 442 of 1000 running...
Epoch 442 complete. Test Loss: 0.222416 

Epoch 443 of 1000 running...
Epoch 443 complete. Test Loss: 0.220785 

Epoch 444 of 1000 running...
Epoch 444 complete. Test Loss: 0.202213 

Epoch 445 of 1000 running...
Epoch 445 complete. Test Loss: 0.185882 

Epoch 446 of 1000 running...
Epoch 446 complete. Test Loss: 0.179714 

Epoch 447 of 1000 running...
Epoch 447 complete. Test Loss: 0.165738 

Epoch 448 of 1000 running...
Epoch 448 complete. Test Loss: 0.187003 

Epoch 449 of 1000 running...
Epoch 449 complete. Test Loss: 0.179525 

Epoch 450 of 1000 running...
Epoch 450 complete. Test Loss: 0.175665 

Epoch 451 of 1000 running...
Epoch 451 complete. Test Loss: 0.174130 

Epoch 452 of 1000 running...
Epoch 452 complete. Test Loss: 0.146220 

Epoch 453 of 1000 running...
Epoch 453 complete. Test Loss: 0.127991 

Epoch 454 of 1000 running...
Epoch 454 complete. Test Loss: 0.117146 

Epoch 455 of 1000 running...
Epoch 455 complete. Test Loss: 0.088462 

Epoch 456 of 1000 running...
Epoch 456 complete. Test Loss: 0.089293 

Epoch 457 of 1000 running...
Epoch 457 complete. Test Loss: 0.080235 

Epoch 458 of 1000 running...
Epoch 458 complete. Test Loss: 0.083607 

Epoch 459 of 1000 running...
Epoch 459 complete. Test Loss: 0.092865 

Epoch 460 of 1000 running...
Epoch 460 complete. Test Loss: 0.081840 

Epoch 461 of 1000 running...
Epoch 461 complete. Test Loss: 0.086290 

Epoch 462 of 1000 running...
Epoch 462 complete. Test Loss: 0.083197 

Epoch 463 of 1000 running...
Epoch 463 complete. Test Loss: 0.080652 

Epoch 464 of 1000 running...
Epoch 464 complete. Test Loss: 0.084777 

Epoch 465 of 1000 running...
Epoch 465 complete. Test Loss: 0.084417 

Epoch 466 of 1000 running...
Epoch 466 complete. Test Loss: 0.085431 

Epoch 467 of 1000 running...
Epoch 467 complete. Test Loss: 0.095000 

Epoch 468 of 1000 running...
Epoch 468 complete. Test Loss: 0.086000 

Epoch 469 of 1000 running...
Epoch 469 complete. Test Loss: 0.095863 

Epoch 470 of 1000 running...
Epoch 470 complete. Test Loss: 0.101314 

Epoch 471 of 1000 running...
Epoch 471 complete. Test Loss: 0.100306 

Epoch 472 of 1000 running...
Epoch 472 complete. Test Loss: 0.092984 

Epoch 473 of 1000 running...
Epoch 473 complete. Test Loss: 0.097416 

Epoch 474 of 1000 running...
Epoch 474 complete. Test Loss: 0.095323 

Epoch 475 of 1000 running...
Epoch 475 complete. Test Loss: 0.100466 

Epoch 476 of 1000 running...
Epoch 476 complete. Test Loss: 0.084151 

Epoch 477 of 1000 running...
Epoch 477 complete. Test Loss: 0.093812 

Epoch 478 of 1000 running...
Epoch 478 complete. Test Loss: 0.092608 

Epoch 479 of 1000 running...
Epoch 479 complete. Test Loss: 0.103291 

Epoch 480 of 1000 running...
Epoch 480 complete. Test Loss: 0.096052 

Epoch 481 of 1000 running...
Epoch 481 complete. Test Loss: 0.099365 

Epoch 482 of 1000 running...
Epoch 482 complete. Test Loss: 0.097104 

Epoch 483 of 1000 running...
Epoch 483 complete. Test Loss: 0.087696 

Epoch 484 of 1000 running...
Epoch 484 complete. Test Loss: 0.090821 

Epoch 485 of 1000 running...
Epoch 485 complete. Test Loss: 0.103360 

Epoch 486 of 1000 running...
Epoch 486 complete. Test Loss: 0.096219 

Epoch 487 of 1000 running...
Epoch 487 complete. Test Loss: 0.099034 

Epoch 488 of 1000 running...
Epoch 488 complete. Test Loss: 0.094397 

Epoch 489 of 1000 running...
Epoch 489 complete. Test Loss: 0.095194 

Epoch 490 of 1000 running...
Epoch 490 complete. Test Loss: 0.094791 

Epoch 491 of 1000 running...
Epoch 491 complete. Test Loss: 0.095746 

Epoch 492 of 1000 running...
Epoch 492 complete. Test Loss: 0.098780 

Epoch 493 of 1000 running...
Epoch 493 complete. Test Loss: 0.091368 

Epoch 494 of 1000 running...
Epoch 494 complete. Test Loss: 0.091751 

Epoch 495 of 1000 running...
Epoch 495 complete. Test Loss: 0.092020 

Epoch 496 of 1000 running...
Epoch 496 complete. Test Loss: 0.109090 

Epoch 497 of 1000 running...
Epoch 497 complete. Test Loss: 0.094067 

Epoch 498 of 1000 running...
Epoch 498 complete. Test Loss: 0.099662 

Epoch 499 of 1000 running...
Epoch 499 complete. Test Loss: 0.101984 

Epoch 500 of 1000 running...
Epoch 500 complete. Test Loss: 0.107047 

Epoch 501 of 1000 running...
Epoch 501 complete. Test Loss: 0.108626 

Epoch 502 of 1000 running...
Epoch 502 complete. Test Loss: 0.108213 

Epoch 503 of 1000 running...
Epoch 503 complete. Test Loss: 0.103060 

Epoch 504 of 1000 running...
Epoch 504 complete. Test Loss: 0.110865 

Epoch 505 of 1000 running...
Epoch 505 complete. Test Loss: 0.107416 

Epoch 506 of 1000 running...
Epoch 506 complete. Test Loss: 0.101386 

Epoch 507 of 1000 running...
Epoch 507 complete. Test Loss: 0.094023 

Epoch 508 of 1000 running...
Epoch 508 complete. Test Loss: 0.091452 

Epoch 509 of 1000 running...
Epoch 509 complete. Test Loss: 0.104945 

Epoch 510 of 1000 running...
Epoch 510 complete. Test Loss: 0.090412 

Epoch 511 of 1000 running...
Epoch 511 complete. Test Loss: 0.105743 

Epoch 512 of 1000 running...
Epoch 512 complete. Test Loss: 0.088466 

Epoch 513 of 1000 running...
Epoch 513 complete. Test Loss: 0.100024 

Epoch 514 of 1000 running...
Epoch 514 complete. Test Loss: 0.095731 

Epoch 515 of 1000 running...
Epoch 515 complete. Test Loss: 0.100352 

Epoch 516 of 1000 running...
Epoch 516 complete. Test Loss: 0.107270 

Epoch 517 of 1000 running...
Epoch 517 complete. Test Loss: 0.104575 

Epoch 518 of 1000 running...
Epoch 518 complete. Test Loss: 0.111821 

Epoch 519 of 1000 running...
Epoch 519 complete. Test Loss: 0.106921 

Epoch 520 of 1000 running...
Epoch 520 complete. Test Loss: 0.102880 

Epoch 521 of 1000 running...
Epoch 521 complete. Test Loss: 0.102804 

Epoch 522 of 1000 running...
Epoch 522 complete. Test Loss: 0.112022 

Epoch 523 of 1000 running...
Epoch 523 complete. Test Loss: 0.115759 

Epoch 524 of 1000 running...
Epoch 524 complete. Test Loss: 0.124278 

Epoch 525 of 1000 running...
Epoch 525 complete. Test Loss: 0.115472 

Epoch 526 of 1000 running...
Epoch 526 complete. Test Loss: 0.101846 

Epoch 527 of 1000 running...
Epoch 527 complete. Test Loss: 0.115354 

Epoch 528 of 1000 running...
Epoch 528 complete. Test Loss: 0.125524 

Epoch 529 of 1000 running...
Epoch 529 complete. Test Loss: 0.104247 

Epoch 530 of 1000 running...
Epoch 530 complete. Test Loss: 0.098004 

Epoch 531 of 1000 running...
Epoch 531 complete. Test Loss: 0.105688 

Epoch 532 of 1000 running...
Epoch 532 complete. Test Loss: 0.088009 

Epoch 533 of 1000 running...
Epoch 533 complete. Test Loss: 0.096943 

Epoch 534 of 1000 running...
Epoch 534 complete. Test Loss: 0.094335 

Epoch 535 of 1000 running...
Epoch 535 complete. Test Loss: 0.100024 

Epoch 536 of 1000 running...
Epoch 536 complete. Test Loss: 0.104881 

Epoch 537 of 1000 running...
Epoch 537 complete. Test Loss: 0.123161 

Epoch 538 of 1000 running...
Epoch 538 complete. Test Loss: 0.120393 

Epoch 539 of 1000 running...
Epoch 539 complete. Test Loss: 0.114340 

Epoch 540 of 1000 running...
Epoch 540 complete. Test Loss: 0.122129 

Epoch 541 of 1000 running...
Epoch 541 complete. Test Loss: 0.120711 

Epoch 542 of 1000 running...
Epoch 542 complete. Test Loss: 0.127677 

Epoch 543 of 1000 running...
Epoch 543 complete. Test Loss: 0.115756 

Epoch 544 of 1000 running...
Epoch 544 complete. Test Loss: 0.115449 

Epoch 545 of 1000 running...
Epoch 545 complete. Test Loss: 0.111801 

Epoch 546 of 1000 running...
Epoch 546 complete. Test Loss: 0.106069 

Epoch 547 of 1000 running...
Epoch 547 complete. Test Loss: 0.101366 

Epoch 548 of 1000 running...
Epoch 548 complete. Test Loss: 0.103042 

Epoch 549 of 1000 running...
Epoch 549 complete. Test Loss: 0.110066 

Epoch 550 of 1000 running...
Epoch 550 complete. Test Loss: 0.105301 

Epoch 551 of 1000 running...
Epoch 551 complete. Test Loss: 0.111732 

Epoch 552 of 1000 running...
Epoch 552 complete. Test Loss: 0.110042 

Epoch 553 of 1000 running...
Epoch 553 complete. Test Loss: 0.105820 

Epoch 554 of 1000 running...
Epoch 554 complete. Test Loss: 0.101388 

Epoch 555 of 1000 running...
Epoch 555 complete. Test Loss: 0.104332 

Epoch 556 of 1000 running...
Epoch 556 complete. Test Loss: 0.101798 

Epoch 557 of 1000 running...
Epoch 557 complete. Test Loss: 0.119055 

Epoch 558 of 1000 running...
Epoch 558 complete. Test Loss: 0.114181 

Epoch 559 of 1000 running...
Epoch 559 complete. Test Loss: 0.109600 

Epoch 560 of 1000 running...
Epoch 560 complete. Test Loss: 0.108497 

Epoch 561 of 1000 running...
Epoch 561 complete. Test Loss: 0.113522 

Epoch 562 of 1000 running...
Epoch 562 complete. Test Loss: 0.125538 

Epoch 563 of 1000 running...
Epoch 563 complete. Test Loss: 0.115967 

Epoch 564 of 1000 running...
Epoch 564 complete. Test Loss: 0.117463 

Epoch 565 of 1000 running...
Epoch 565 complete. Test Loss: 0.110310 

Epoch 566 of 1000 running...
Epoch 566 complete. Test Loss: 0.109511 

Epoch 567 of 1000 running...
Epoch 567 complete. Test Loss: 0.107633 

Epoch 568 of 1000 running...
Epoch 568 complete. Test Loss: 0.117229 

Epoch 569 of 1000 running...
Epoch 569 complete. Test Loss: 0.122293 

Epoch 570 of 1000 running...
Epoch 570 complete. Test Loss: 0.117385 

Epoch 571 of 1000 running...
Epoch 571 complete. Test Loss: 0.130765 

Epoch 572 of 1000 running...
Epoch 572 complete. Test Loss: 0.116624 

Epoch 573 of 1000 running...
Epoch 573 complete. Test Loss: 0.115778 

Epoch 574 of 1000 running...
Epoch 574 complete. Test Loss: 0.117399 

Epoch 575 of 1000 running...
Epoch 575 complete. Test Loss: 0.116382 

Epoch 576 of 1000 running...
Epoch 576 complete. Test Loss: 0.112834 

Epoch 577 of 1000 running...
Epoch 577 complete. Test Loss: 0.104879 

Epoch 578 of 1000 running...
Epoch 578 complete. Test Loss: 0.106304 

Epoch 579 of 1000 running...
Epoch 579 complete. Test Loss: 0.109684 

Epoch 580 of 1000 running...
Epoch 580 complete. Test Loss: 0.115194 

Epoch 581 of 1000 running...
Epoch 581 complete. Test Loss: 0.128700 

Epoch 582 of 1000 running...
Epoch 582 complete. Test Loss: 0.127101 

Epoch 583 of 1000 running...
Epoch 583 complete. Test Loss: 0.115751 

Epoch 584 of 1000 running...
Epoch 584 complete. Test Loss: 0.115879 

Epoch 585 of 1000 running...
Epoch 585 complete. Test Loss: 0.121289 

Epoch 586 of 1000 running...
Epoch 586 complete. Test Loss: 0.118534 

Epoch 587 of 1000 running...
Epoch 587 complete. Test Loss: 0.119554 

Epoch 588 of 1000 running...
Epoch 588 complete. Test Loss: 0.116711 

Epoch 589 of 1000 running...
Epoch 589 complete. Test Loss: 0.109832 

Epoch 590 of 1000 running...
Epoch 590 complete. Test Loss: 0.120986 

Epoch 591 of 1000 running...
Epoch 591 complete. Test Loss: 0.111581 

Epoch 592 of 1000 running...
Epoch 592 complete. Test Loss: 0.119908 

Epoch 593 of 1000 running...
Epoch 593 complete. Test Loss: 0.123062 

Epoch 594 of 1000 running...
Epoch 594 complete. Test Loss: 0.124653 

Epoch 595 of 1000 running...
Epoch 595 complete. Test Loss: 0.123485 

Epoch 596 of 1000 running...
Epoch 596 complete. Test Loss: 0.122446 

Epoch 597 of 1000 running...
Epoch 597 complete. Test Loss: 0.131035 

Epoch 598 of 1000 running...
Epoch 598 complete. Test Loss: 0.128258 

Epoch 599 of 1000 running...
Epoch 599 complete. Test Loss: 0.132999 

Epoch 600 of 1000 running...
Epoch 600 complete. Test Loss: 0.144342 

Epoch 601 of 1000 running...
Epoch 601 complete. Test Loss: 0.126150 

Epoch 602 of 1000 running...
Epoch 602 complete. Test Loss: 0.143111 

Epoch 603 of 1000 running...
Epoch 603 complete. Test Loss: 0.129677 

Epoch 604 of 1000 running...
Epoch 604 complete. Test Loss: 0.126860 

Epoch 605 of 1000 running...
Epoch 605 complete. Test Loss: 0.120880 

Epoch 606 of 1000 running...
Epoch 606 complete. Test Loss: 0.116712 

Epoch 607 of 1000 running...
Epoch 607 complete. Test Loss: 0.120662 

Epoch 608 of 1000 running...
Epoch 608 complete. Test Loss: 0.131854 

Epoch 609 of 1000 running...
Epoch 609 complete. Test Loss: 0.126025 

Epoch 610 of 1000 running...
Epoch 610 complete. Test Loss: 0.129895 

Epoch 611 of 1000 running...
Epoch 611 complete. Test Loss: 0.119150 

Epoch 612 of 1000 running...
Epoch 612 complete. Test Loss: 0.138010 

Epoch 613 of 1000 running...
Epoch 613 complete. Test Loss: 0.126744 

Epoch 614 of 1000 running...
Epoch 614 complete. Test Loss: 0.128736 

Epoch 615 of 1000 running...
Epoch 615 complete. Test Loss: 0.138004 

Epoch 616 of 1000 running...
Epoch 616 complete. Test Loss: 0.124494 

Epoch 617 of 1000 running...
Epoch 617 complete. Test Loss: 0.132824 

Epoch 618 of 1000 running...
Epoch 618 complete. Test Loss: 0.117385 

Epoch 619 of 1000 running...
Epoch 619 complete. Test Loss: 0.130508 

Epoch 620 of 1000 running...
Epoch 620 complete. Test Loss: 0.129419 

Epoch 621 of 1000 running...
Epoch 621 complete. Test Loss: 0.129636 

Epoch 622 of 1000 running...
Epoch 622 complete. Test Loss: 0.129587 

Epoch 623 of 1000 running...
Epoch 623 complete. Test Loss: 0.128626 

Epoch 624 of 1000 running...
Epoch 624 complete. Test Loss: 0.114182 

Epoch 625 of 1000 running...
Epoch 625 complete. Test Loss: 0.115839 

Epoch 626 of 1000 running...
Epoch 626 complete. Test Loss: 0.128293 

Epoch 627 of 1000 running...
Epoch 627 complete. Test Loss: 0.136222 

Epoch 628 of 1000 running...
Epoch 628 complete. Test Loss: 0.123827 

Epoch 629 of 1000 running...
Epoch 629 complete. Test Loss: 0.130825 

Epoch 630 of 1000 running...
Epoch 630 complete. Test Loss: 0.128507 

Epoch 631 of 1000 running...
Epoch 631 complete. Test Loss: 0.135133 

Epoch 632 of 1000 running...
Epoch 632 complete. Test Loss: 0.131793 

Epoch 633 of 1000 running...
Epoch 633 complete. Test Loss: 0.134035 

Epoch 634 of 1000 running...
Epoch 634 complete. Test Loss: 0.127734 

Epoch 635 of 1000 running...
Epoch 635 complete. Test Loss: 0.123511 

Epoch 636 of 1000 running...
Epoch 636 complete. Test Loss: 0.130433 

Epoch 637 of 1000 running...
Epoch 637 complete. Test Loss: 0.129396 

Epoch 638 of 1000 running...
Epoch 638 complete. Test Loss: 0.142170 

Epoch 639 of 1000 running...
Epoch 639 complete. Test Loss: 0.126236 

Epoch 640 of 1000 running...
Epoch 640 complete. Test Loss: 0.126793 

Epoch 641 of 1000 running...
Epoch 641 complete. Test Loss: 0.119760 

Epoch 642 of 1000 running...
Epoch 642 complete. Test Loss: 0.110982 

Epoch 643 of 1000 running...
Epoch 643 complete. Test Loss: 0.121649 

Epoch 644 of 1000 running...
Epoch 644 complete. Test Loss: 0.123211 

Epoch 645 of 1000 running...
Epoch 645 complete. Test Loss: 0.118390 

Epoch 646 of 1000 running...
Epoch 646 complete. Test Loss: 0.123368 

Epoch 647 of 1000 running...
Epoch 647 complete. Test Loss: 0.129177 

Epoch 648 of 1000 running...
Epoch 648 complete. Test Loss: 0.129846 

Epoch 649 of 1000 running...
Epoch 649 complete. Test Loss: 0.121072 

Epoch 650 of 1000 running...
Epoch 650 complete. Test Loss: 0.130111 

Epoch 651 of 1000 running...
Epoch 651 complete. Test Loss: 0.121411 

Epoch 652 of 1000 running...
Epoch 652 complete. Test Loss: 0.127963 

Epoch 653 of 1000 running...
Epoch 653 complete. Test Loss: 0.123880 

Epoch 654 of 1000 running...
Epoch 654 complete. Test Loss: 0.140240 

Epoch 655 of 1000 running...
Epoch 655 complete. Test Loss: 0.133172 

Epoch 656 of 1000 running...
Epoch 656 complete. Test Loss: 0.127615 

Epoch 657 of 1000 running...
Epoch 657 complete. Test Loss: 0.140554 

Epoch 658 of 1000 running...
Epoch 658 complete. Test Loss: 0.156780 

Epoch 659 of 1000 running...
Epoch 659 complete. Test Loss: 0.166053 

Epoch 660 of 1000 running...
Epoch 660 complete. Test Loss: 0.180416 

Epoch 661 of 1000 running...
Epoch 661 complete. Test Loss: 0.177396 

Epoch 662 of 1000 running...
Epoch 662 complete. Test Loss: 0.212898 

Epoch 663 of 1000 running...
Epoch 663 complete. Test Loss: 0.225848 

Epoch 664 of 1000 running...
Epoch 664 complete. Test Loss: 0.229269 

Epoch 665 of 1000 running...
Epoch 665 complete. Test Loss: 0.243197 

Epoch 666 of 1000 running...
Epoch 666 complete. Test Loss: 0.233176 

Epoch 667 of 1000 running...
Epoch 667 complete. Test Loss: 0.218346 

Epoch 668 of 1000 running...
Epoch 668 complete. Test Loss: 0.227127 

Epoch 669 of 1000 running...
Epoch 669 complete. Test Loss: 0.222614 

Epoch 670 of 1000 running...
Epoch 670 complete. Test Loss: 0.230696 

Epoch 671 of 1000 running...
Epoch 671 complete. Test Loss: 0.225188 

Epoch 672 of 1000 running...
Epoch 672 complete. Test Loss: 0.223420 

Epoch 673 of 1000 running...
Epoch 673 complete. Test Loss: 0.218224 

Epoch 674 of 1000 running...
Epoch 674 complete. Test Loss: 0.226200 

Epoch 675 of 1000 running...
Epoch 675 complete. Test Loss: 0.221252 

Epoch 676 of 1000 running...
Epoch 676 complete. Test Loss: 0.243024 

Epoch 677 of 1000 running...
Epoch 677 complete. Test Loss: 0.239160 

Epoch 678 of 1000 running...
Epoch 678 complete. Test Loss: 0.240440 

Epoch 679 of 1000 running...
Epoch 679 complete. Test Loss: 0.230310 

Epoch 680 of 1000 running...
Epoch 680 complete. Test Loss: 0.237165 

Epoch 681 of 1000 running...
Epoch 681 complete. Test Loss: 0.227384 

Epoch 682 of 1000 running...
Epoch 682 complete. Test Loss: 0.211442 

Epoch 683 of 1000 running...
Epoch 683 complete. Test Loss: 0.221133 

Epoch 684 of 1000 running...
Epoch 684 complete. Test Loss: 0.217554 

Epoch 685 of 1000 running...
Epoch 685 complete. Test Loss: 0.204825 

Epoch 686 of 1000 running...
Epoch 686 complete. Test Loss: 0.196978 

Epoch 687 of 1000 running...
Epoch 687 complete. Test Loss: 0.198121 

Epoch 688 of 1000 running...
Epoch 688 complete. Test Loss: 0.191024 

Epoch 689 of 1000 running...
Epoch 689 complete. Test Loss: 0.182428 

Epoch 690 of 1000 running...
Epoch 690 complete. Test Loss: 0.183578 

Epoch 691 of 1000 running...
Epoch 691 complete. Test Loss: 0.184195 

Epoch 692 of 1000 running...
Epoch 692 complete. Test Loss: 0.186636 

Epoch 693 of 1000 running...
Epoch 693 complete. Test Loss: 0.179916 

Epoch 694 of 1000 running...
Epoch 694 complete. Test Loss: 0.176429 

Epoch 695 of 1000 running...
Epoch 695 complete. Test Loss: 0.167200 

Epoch 696 of 1000 running...
Epoch 696 complete. Test Loss: 0.155419 

Epoch 697 of 1000 running...
Epoch 697 complete. Test Loss: 0.163589 

Epoch 698 of 1000 running...
Epoch 698 complete. Test Loss: 0.141990 

Epoch 699 of 1000 running...
Epoch 699 complete. Test Loss: 0.141665 

Epoch 700 of 1000 running...
Epoch 700 complete. Test Loss: 0.135775 

Epoch 701 of 1000 running...
Epoch 701 complete. Test Loss: 0.137491 

Epoch 702 of 1000 running...
Epoch 702 complete. Test Loss: 0.150552 

Epoch 703 of 1000 running...
Epoch 703 complete. Test Loss: 0.142692 

Epoch 704 of 1000 running...
Epoch 704 complete. Test Loss: 0.143853 

Epoch 705 of 1000 running...
Epoch 705 complete. Test Loss: 0.134788 

Epoch 706 of 1000 running...
Epoch 706 complete. Test Loss: 0.143280 

Epoch 707 of 1000 running...
Epoch 707 complete. Test Loss: 0.140840 

Epoch 708 of 1000 running...
Epoch 708 complete. Test Loss: 0.146814 

Epoch 709 of 1000 running...
Epoch 709 complete. Test Loss: 0.136666 

Epoch 710 of 1000 running...
Epoch 710 complete. Test Loss: 0.139414 

Epoch 711 of 1000 running...
Epoch 711 complete. Test Loss: 0.140347 

Epoch 712 of 1000 running...
Epoch 712 complete. Test Loss: 0.156698 

Epoch 713 of 1000 running...
Epoch 713 complete. Test Loss: 0.134456 

Epoch 714 of 1000 running...
Epoch 714 complete. Test Loss: 0.152934 

Epoch 715 of 1000 running...
Epoch 715 complete. Test Loss: 0.150239 

Epoch 716 of 1000 running...
Epoch 716 complete. Test Loss: 0.152172 

Epoch 717 of 1000 running...
Epoch 717 complete. Test Loss: 0.175742 

Epoch 718 of 1000 running...
Epoch 718 complete. Test Loss: 0.179530 

Epoch 719 of 1000 running...
Epoch 719 complete. Test Loss: 0.178369 

Epoch 720 of 1000 running...
Epoch 720 complete. Test Loss: 0.177886 

Epoch 721 of 1000 running...
Epoch 721 complete. Test Loss: 0.181347 

Epoch 722 of 1000 running...
Epoch 722 complete. Test Loss: 0.169813 

Epoch 723 of 1000 running...
Epoch 723 complete. Test Loss: 0.164746 

Epoch 724 of 1000 running...
Epoch 724 complete. Test Loss: 0.164622 

Epoch 725 of 1000 running...
Epoch 725 complete. Test Loss: 0.159507 

Epoch 726 of 1000 running...
Epoch 726 complete. Test Loss: 0.163960 

Epoch 727 of 1000 running...
Epoch 727 complete. Test Loss: 0.152265 

Epoch 728 of 1000 running...
Epoch 728 complete. Test Loss: 0.163158 

Epoch 729 of 1000 running...
Epoch 729 complete. Test Loss: 0.165388 

Epoch 730 of 1000 running...
Epoch 730 complete. Test Loss: 0.160169 

Epoch 731 of 1000 running...
Epoch 731 complete. Test Loss: 0.164187 

Epoch 732 of 1000 running...
Epoch 732 complete. Test Loss: 0.174371 

Epoch 733 of 1000 running...
Epoch 733 complete. Test Loss: 0.180935 

Epoch 734 of 1000 running...
Epoch 734 complete. Test Loss: 0.168394 

Epoch 735 of 1000 running...
Epoch 735 complete. Test Loss: 0.175465 

Epoch 736 of 1000 running...
Epoch 736 complete. Test Loss: 0.192570 

Epoch 737 of 1000 running...
Epoch 737 complete. Test Loss: 0.208395 

Epoch 738 of 1000 running...
Epoch 738 complete. Test Loss: 0.216614 

Epoch 739 of 1000 running...
Epoch 739 complete. Test Loss: 0.231466 

Epoch 740 of 1000 running...
Epoch 740 complete. Test Loss: 0.238431 

Epoch 741 of 1000 running...
Epoch 741 complete. Test Loss: 0.249361 

Epoch 742 of 1000 running...
Epoch 742 complete. Test Loss: 0.250416 

Epoch 743 of 1000 running...
Epoch 743 complete. Test Loss: 0.266533 

Epoch 744 of 1000 running...
Epoch 744 complete. Test Loss: 0.288892 

Epoch 745 of 1000 running...
Epoch 745 complete. Test Loss: 0.294733 

Epoch 746 of 1000 running...
Epoch 746 complete. Test Loss: 0.309433 

Epoch 747 of 1000 running...
Epoch 747 complete. Test Loss: 0.323926 

Epoch 748 of 1000 running...
Epoch 748 complete. Test Loss: 0.333069 

Epoch 749 of 1000 running...
Epoch 749 complete. Test Loss: 0.368029 

Epoch 750 of 1000 running...
Epoch 750 complete. Test Loss: 0.370404 

Epoch 751 of 1000 running...
Epoch 751 complete. Test Loss: 0.404014 

Epoch 752 of 1000 running...
Epoch 752 complete. Test Loss: 0.422880 

Epoch 753 of 1000 running...
Epoch 753 complete. Test Loss: 0.446717 

Epoch 754 of 1000 running...
Epoch 754 complete. Test Loss: 0.480836 

Epoch 755 of 1000 running...
Epoch 755 complete. Test Loss: 0.496317 

Epoch 756 of 1000 running...
Epoch 756 complete. Test Loss: 0.518763 

Epoch 757 of 1000 running...
Epoch 757 complete. Test Loss: 0.522965 

Epoch 758 of 1000 running...
Epoch 758 complete. Test Loss: 0.509557 

Epoch 759 of 1000 running...
Epoch 759 complete. Test Loss: 0.466648 

Epoch 760 of 1000 running...
Epoch 760 complete. Test Loss: 0.431391 

Epoch 761 of 1000 running...
Epoch 761 complete. Test Loss: 0.372594 

Epoch 762 of 1000 running...
Epoch 762 complete. Test Loss: 0.335605 

Epoch 763 of 1000 running...
Epoch 763 complete. Test Loss: 0.304083 

Epoch 764 of 1000 running...
Epoch 764 complete. Test Loss: 0.269228 

Epoch 765 of 1000 running...
Epoch 765 complete. Test Loss: 0.246271 

Epoch 766 of 1000 running...
Epoch 766 complete. Test Loss: 0.222425 

Epoch 767 of 1000 running...
Epoch 767 complete. Test Loss: 0.207173 

Epoch 768 of 1000 running...
Epoch 768 complete. Test Loss: 0.196886 

Epoch 769 of 1000 running...
Epoch 769 complete. Test Loss: 0.179311 

Epoch 770 of 1000 running...
Epoch 770 complete. Test Loss: 0.170714 

Epoch 771 of 1000 running...
Epoch 771 complete. Test Loss: 0.155562 

Epoch 772 of 1000 running...
Epoch 772 complete. Test Loss: 0.156616 

Epoch 773 of 1000 running...
Epoch 773 complete. Test Loss: 0.156372 

Epoch 774 of 1000 running...
Epoch 774 complete. Test Loss: 0.157802 

Epoch 775 of 1000 running...
Epoch 775 complete. Test Loss: 0.157419 

Epoch 776 of 1000 running...
Epoch 776 complete. Test Loss: 0.157389 

Epoch 777 of 1000 running...
Epoch 777 complete. Test Loss: 0.155792 

Epoch 778 of 1000 running...
Epoch 778 complete. Test Loss: 0.160647 

Epoch 779 of 1000 running...
Epoch 779 complete. Test Loss: 0.157900 

Epoch 780 of 1000 running...
Epoch 780 complete. Test Loss: 0.161568 

Epoch 781 of 1000 running...
Epoch 781 complete. Test Loss: 0.167771 

Epoch 782 of 1000 running...
Epoch 782 complete. Test Loss: 0.161226 

Epoch 783 of 1000 running...
Epoch 783 complete. Test Loss: 0.160515 

Epoch 784 of 1000 running...
Epoch 784 complete. Test Loss: 0.160330 

Epoch 785 of 1000 running...
Epoch 785 complete. Test Loss: 0.154248 

Epoch 786 of 1000 running...
Epoch 786 complete. Test Loss: 0.158129 

Epoch 787 of 1000 running...
Epoch 787 complete. Test Loss: 0.159845 

Epoch 788 of 1000 running...
Epoch 788 complete. Test Loss: 0.152140 

Epoch 789 of 1000 running...
Epoch 789 complete. Test Loss: 0.147542 

Epoch 790 of 1000 running...
Epoch 790 complete. Test Loss: 0.161179 

Epoch 791 of 1000 running...
Epoch 791 complete. Test Loss: 0.147022 

Epoch 792 of 1000 running...
Epoch 792 complete. Test Loss: 0.173575 

Epoch 793 of 1000 running...
Epoch 793 complete. Test Loss: 0.158723 

Epoch 794 of 1000 running...
Epoch 794 complete. Test Loss: 0.153843 

Epoch 795 of 1000 running...
Epoch 795 complete. Test Loss: 0.175851 

Epoch 796 of 1000 running...
Epoch 796 complete. Test Loss: 0.169953 

Epoch 797 of 1000 running...
Epoch 797 complete. Test Loss: 0.165245 

Epoch 798 of 1000 running...
Epoch 798 complete. Test Loss: 0.166620 

Epoch 799 of 1000 running...
Epoch 799 complete. Test Loss: 0.152813 

Epoch 800 of 1000 running...
Epoch 800 complete. Test Loss: 0.150889 

Epoch 801 of 1000 running...
Epoch 801 complete. Test Loss: 0.160321 

Epoch 802 of 1000 running...
Epoch 802 complete. Test Loss: 0.160902 

Epoch 803 of 1000 running...
Epoch 803 complete. Test Loss: 0.160115 

Epoch 804 of 1000 running...
Epoch 804 complete. Test Loss: 0.164692 

Epoch 805 of 1000 running...
Epoch 805 complete. Test Loss: 0.165823 

Epoch 806 of 1000 running...
Epoch 806 complete. Test Loss: 0.161872 

Epoch 807 of 1000 running...
Epoch 807 complete. Test Loss: 0.160763 

Epoch 808 of 1000 running...
Epoch 808 complete. Test Loss: 0.167954 

Epoch 809 of 1000 running...
Epoch 809 complete. Test Loss: 0.159528 

Epoch 810 of 1000 running...
Epoch 810 complete. Test Loss: 0.172231 

Epoch 811 of 1000 running...
Epoch 811 complete. Test Loss: 0.170474 

Epoch 812 of 1000 running...
Epoch 812 complete. Test Loss: 0.164834 

Epoch 813 of 1000 running...
Epoch 813 complete. Test Loss: 0.152421 

Epoch 814 of 1000 running...
Epoch 814 complete. Test Loss: 0.149113 

Epoch 815 of 1000 running...
Epoch 815 complete. Test Loss: 0.149347 

Epoch 816 of 1000 running...
Epoch 816 complete. Test Loss: 0.156219 

Epoch 817 of 1000 running...
Epoch 817 complete. Test Loss: 0.168775 

Epoch 818 of 1000 running...
Epoch 818 complete. Test Loss: 0.180719 

Epoch 819 of 1000 running...
Epoch 819 complete. Test Loss: 0.190082 

Epoch 820 of 1000 running...
Epoch 820 complete. Test Loss: 0.182426 

Epoch 821 of 1000 running...
Epoch 821 complete. Test Loss: 0.184621 

Epoch 822 of 1000 running...
Epoch 822 complete. Test Loss: 0.182905 

Epoch 823 of 1000 running...
Epoch 823 complete. Test Loss: 0.180405 

Epoch 824 of 1000 running...
Epoch 824 complete. Test Loss: 0.196311 

Epoch 825 of 1000 running...
Epoch 825 complete. Test Loss: 0.178928 

Epoch 826 of 1000 running...
Epoch 826 complete. Test Loss: 0.181455 

Epoch 827 of 1000 running...
Epoch 827 complete. Test Loss: 0.174706 

Epoch 828 of 1000 running...
Epoch 828 complete. Test Loss: 0.174584 

Epoch 829 of 1000 running...
Epoch 829 complete. Test Loss: 0.174315 

Epoch 830 of 1000 running...
Epoch 830 complete. Test Loss: 0.170223 

Epoch 831 of 1000 running...
Epoch 831 complete. Test Loss: 0.160221 

Epoch 832 of 1000 running...
Epoch 832 complete. Test Loss: 0.172731 

Epoch 833 of 1000 running...
Epoch 833 complete. Test Loss: 0.178436 

Epoch 834 of 1000 running...
Epoch 834 complete. Test Loss: 0.192503 

Epoch 835 of 1000 running...
Epoch 835 complete. Test Loss: 0.187313 

Epoch 836 of 1000 running...
Epoch 836 complete. Test Loss: 0.177376 

Epoch 837 of 1000 running...
Epoch 837 complete. Test Loss: 0.171903 

Epoch 838 of 1000 running...
Epoch 838 complete. Test Loss: 0.172517 

Epoch 839 of 1000 running...
Epoch 839 complete. Test Loss: 0.174553 

Epoch 840 of 1000 running...
Epoch 840 complete. Test Loss: 0.168809 

Epoch 841 of 1000 running...
Epoch 841 complete. Test Loss: 0.177786 

Epoch 842 of 1000 running...
Epoch 842 complete. Test Loss: 0.182053 

Epoch 843 of 1000 running...
Epoch 843 complete. Test Loss: 0.189993 

Epoch 844 of 1000 running...
Epoch 844 complete. Test Loss: 0.229477 

Epoch 845 of 1000 running...
Epoch 845 complete. Test Loss: 0.224815 

Epoch 846 of 1000 running...
Epoch 846 complete. Test Loss: 0.224171 

Epoch 847 of 1000 running...
Epoch 847 complete. Test Loss: 0.213132 

Epoch 848 of 1000 running...
Epoch 848 complete. Test Loss: 0.195617 

Epoch 849 of 1000 running...
Epoch 849 complete. Test Loss: 0.201438 

Epoch 850 of 1000 running...
Epoch 850 complete. Test Loss: 0.196232 

Epoch 851 of 1000 running...
Epoch 851 complete. Test Loss: 0.194559 

Epoch 852 of 1000 running...
Epoch 852 complete. Test Loss: 0.204864 

Epoch 853 of 1000 running...
Epoch 853 complete. Test Loss: 0.198707 

Epoch 854 of 1000 running...
Epoch 854 complete. Test Loss: 0.196347 

Epoch 855 of 1000 running...
Epoch 855 complete. Test Loss: 0.199337 

Epoch 856 of 1000 running...
Epoch 856 complete. Test Loss: 0.202917 

Epoch 857 of 1000 running...
Epoch 857 complete. Test Loss: 0.208377 

Epoch 858 of 1000 running...
Epoch 858 complete. Test Loss: 0.186255 

Epoch 859 of 1000 running...
Epoch 859 complete. Test Loss: 0.198739 

Epoch 860 of 1000 running...
Epoch 860 complete. Test Loss: 0.186577 

Epoch 861 of 1000 running...
Epoch 861 complete. Test Loss: 0.172006 

Epoch 862 of 1000 running...
Epoch 862 complete. Test Loss: 0.171886 

Epoch 863 of 1000 running...
Epoch 863 complete. Test Loss: 0.172822 

Epoch 864 of 1000 running...
Epoch 864 complete. Test Loss: 0.172314 

Epoch 865 of 1000 running...
Epoch 865 complete. Test Loss: 0.167495 

Epoch 866 of 1000 running...
Epoch 866 complete. Test Loss: 0.169515 

Epoch 867 of 1000 running...
Epoch 867 complete. Test Loss: 0.168263 

Epoch 868 of 1000 running...
Epoch 868 complete. Test Loss: 0.167802 

Epoch 869 of 1000 running...
Epoch 869 complete. Test Loss: 0.163637 

Epoch 870 of 1000 running...
Epoch 870 complete. Test Loss: 0.164894 

Epoch 871 of 1000 running...
Epoch 871 complete. Test Loss: 0.172874 

Epoch 872 of 1000 running...
Epoch 872 complete. Test Loss: 0.167237 

Epoch 873 of 1000 running...
Epoch 873 complete. Test Loss: 0.188641 

Epoch 874 of 1000 running...
Epoch 874 complete. Test Loss: 0.169823 

Epoch 875 of 1000 running...
Epoch 875 complete. Test Loss: 0.185371 

Epoch 876 of 1000 running...
Epoch 876 complete. Test Loss: 0.185732 

Epoch 877 of 1000 running...
Epoch 877 complete. Test Loss: 0.180046 

Epoch 878 of 1000 running...
Epoch 878 complete. Test Loss: 0.170927 

Epoch 879 of 1000 running...
Epoch 879 complete. Test Loss: 0.169612 

Epoch 880 of 1000 running...
Epoch 880 complete. Test Loss: 0.170699 

Epoch 881 of 1000 running...
Epoch 881 complete. Test Loss: 0.173484 

Epoch 882 of 1000 running...
Epoch 882 complete. Test Loss: 0.174246 

Epoch 883 of 1000 running...
Epoch 883 complete. Test Loss: 0.169995 

Epoch 884 of 1000 running...
Epoch 884 complete. Test Loss: 0.174643 

Epoch 885 of 1000 running...
Epoch 885 complete. Test Loss: 0.165310 

Epoch 886 of 1000 running...
Epoch 886 complete. Test Loss: 0.170774 

Epoch 887 of 1000 running...
Epoch 887 complete. Test Loss: 0.178113 

Epoch 888 of 1000 running...
Epoch 888 complete. Test Loss: 0.189837 

Epoch 889 of 1000 running...
Epoch 889 complete. Test Loss: 0.190661 

Epoch 890 of 1000 running...
Epoch 890 complete. Test Loss: 0.195932 

Epoch 891 of 1000 running...
Epoch 891 complete. Test Loss: 0.182356 

Epoch 892 of 1000 running...
Epoch 892 complete. Test Loss: 0.181541 

Epoch 893 of 1000 running...
Epoch 893 complete. Test Loss: 0.203741 

Epoch 894 of 1000 running...
Epoch 894 complete. Test Loss: 0.189804 

Epoch 895 of 1000 running...
Epoch 895 complete. Test Loss: 0.193506 

Epoch 896 of 1000 running...
Epoch 896 complete. Test Loss: 0.184524 

Epoch 897 of 1000 running...
Epoch 897 complete. Test Loss: 0.201061 

Epoch 898 of 1000 running...
Epoch 898 complete. Test Loss: 0.198028 

Epoch 899 of 1000 running...
Epoch 899 complete. Test Loss: 0.205101 

Epoch 900 of 1000 running...
Epoch 900 complete. Test Loss: 0.187423 

Epoch 901 of 1000 running...
Epoch 901 complete. Test Loss: 0.188289 

Epoch 902 of 1000 running...
Epoch 902 complete. Test Loss: 0.190923 

Epoch 903 of 1000 running...
Epoch 903 complete. Test Loss: 0.178676 

Epoch 904 of 1000 running...
Epoch 904 complete. Test Loss: 0.188681 

Epoch 905 of 1000 running...
Epoch 905 complete. Test Loss: 0.181080 

Epoch 906 of 1000 running...
Epoch 906 complete. Test Loss: 0.185580 

Epoch 907 of 1000 running...
Epoch 907 complete. Test Loss: 0.189309 

Epoch 908 of 1000 running...
Epoch 908 complete. Test Loss: 0.187500 

Epoch 909 of 1000 running...
Epoch 909 complete. Test Loss: 0.192336 

Epoch 910 of 1000 running...
Epoch 910 complete. Test Loss: 0.192391 

Epoch 911 of 1000 running...
Epoch 911 complete. Test Loss: 0.194362 

Epoch 912 of 1000 running...
Epoch 912 complete. Test Loss: 0.192101 

Epoch 913 of 1000 running...
Epoch 913 complete. Test Loss: 0.201197 

Epoch 914 of 1000 running...
Epoch 914 complete. Test Loss: 0.205173 

Epoch 915 of 1000 running...
Epoch 915 complete. Test Loss: 0.191350 

Epoch 916 of 1000 running...
Epoch 916 complete. Test Loss: 0.199096 

Epoch 917 of 1000 running...
Epoch 917 complete. Test Loss: 0.196527 

Epoch 918 of 1000 running...
Epoch 918 complete. Test Loss: 0.184773 

Epoch 919 of 1000 running...
Epoch 919 complete. Test Loss: 0.183821 

Epoch 920 of 1000 running...
Epoch 920 complete. Test Loss: 0.184015 

Epoch 921 of 1000 running...
Epoch 921 complete. Test Loss: 0.198560 

Epoch 922 of 1000 running...
Epoch 922 complete. Test Loss: 0.197863 

Epoch 923 of 1000 running...
Epoch 923 complete. Test Loss: 0.212636 

Epoch 924 of 1000 running...
Epoch 924 complete. Test Loss: 0.195810 

Epoch 925 of 1000 running...
Epoch 925 complete. Test Loss: 0.203849 

Epoch 926 of 1000 running...
Epoch 926 complete. Test Loss: 0.194678 

Epoch 927 of 1000 running...
Epoch 927 complete. Test Loss: 0.185712 

Epoch 928 of 1000 running...
Epoch 928 complete. Test Loss: 0.172128 

Epoch 929 of 1000 running...
Epoch 929 complete. Test Loss: 0.179419 

Epoch 930 of 1000 running...
Epoch 930 complete. Test Loss: 0.179285 

Epoch 931 of 1000 running...
Epoch 931 complete. Test Loss: 0.182600 

Epoch 932 of 1000 running...
Epoch 932 complete. Test Loss: 0.195079 

Epoch 933 of 1000 running...
Epoch 933 complete. Test Loss: 0.195869 

Epoch 934 of 1000 running...
Epoch 934 complete. Test Loss: 0.190479 

Epoch 935 of 1000 running...
Epoch 935 complete. Test Loss: 0.191693 

Epoch 936 of 1000 running...
Epoch 936 complete. Test Loss: 0.192593 

Epoch 937 of 1000 running...
Epoch 937 complete. Test Loss: 0.191735 

Epoch 938 of 1000 running...
Epoch 938 complete. Test Loss: 0.201153 

Epoch 939 of 1000 running...
Epoch 939 complete. Test Loss: 0.200376 

Epoch 940 of 1000 running...
Epoch 940 complete. Test Loss: 0.193214 

Epoch 941 of 1000 running...
Epoch 941 complete. Test Loss: 0.189369 

Epoch 942 of 1000 running...
Epoch 942 complete. Test Loss: 0.192518 

Epoch 943 of 1000 running...
Epoch 943 complete. Test Loss: 0.200075 

Epoch 944 of 1000 running...
Epoch 944 complete. Test Loss: 0.188837 

Epoch 945 of 1000 running...
Epoch 945 complete. Test Loss: 0.197796 

Epoch 946 of 1000 running...
Epoch 946 complete. Test Loss: 0.209705 

Epoch 947 of 1000 running...
Epoch 947 complete. Test Loss: 0.200849 

Epoch 948 of 1000 running...
Epoch 948 complete. Test Loss: 0.206166 

Epoch 949 of 1000 running...
Epoch 949 complete. Test Loss: 0.200044 

Epoch 950 of 1000 running...
Epoch 950 complete. Test Loss: 0.193712 

Epoch 951 of 1000 running...
Epoch 951 complete. Test Loss: 0.191553 

Epoch 952 of 1000 running...
Epoch 952 complete. Test Loss: 0.190494 

Epoch 953 of 1000 running...
Epoch 953 complete. Test Loss: 0.187580 

Epoch 954 of 1000 running...
Epoch 954 complete. Test Loss: 0.191923 

Epoch 955 of 1000 running...
Epoch 955 complete. Test Loss: 0.193966 

Epoch 956 of 1000 running...
Epoch 956 complete. Test Loss: 0.191892 

Epoch 957 of 1000 running...
Epoch 957 complete. Test Loss: 0.192413 

Epoch 958 of 1000 running...
Epoch 958 complete. Test Loss: 0.192350 

Epoch 959 of 1000 running...
Epoch 959 complete. Test Loss: 0.198749 

Epoch 960 of 1000 running...
Epoch 960 complete. Test Loss: 0.194417 

Epoch 961 of 1000 running...
Epoch 961 complete. Test Loss: 0.190958 

Epoch 962 of 1000 running...
Epoch 962 complete. Test Loss: 0.205283 

Epoch 963 of 1000 running...
Epoch 963 complete. Test Loss: 0.199737 

Epoch 964 of 1000 running...
Epoch 964 complete. Test Loss: 0.195604 

Epoch 965 of 1000 running...
Epoch 965 complete. Test Loss: 0.206081 

Epoch 966 of 1000 running...
Epoch 966 complete. Test Loss: 0.201186 

Epoch 967 of 1000 running...
Epoch 967 complete. Test Loss: 0.203685 

Epoch 968 of 1000 running...
Epoch 968 complete. Test Loss: 0.184036 

Epoch 969 of 1000 running...
Epoch 969 complete. Test Loss: 0.187056 

Epoch 970 of 1000 running...
Epoch 970 complete. Test Loss: 0.202146 

Epoch 971 of 1000 running...
Epoch 971 complete. Test Loss: 0.216273 

Epoch 972 of 1000 running...
Epoch 972 complete. Test Loss: 0.218390 

Epoch 973 of 1000 running...
Epoch 973 complete. Test Loss: 0.211870 

Epoch 974 of 1000 running...
Epoch 974 complete. Test Loss: 0.215926 

Epoch 975 of 1000 running...
Epoch 975 complete. Test Loss: 0.222039 

Epoch 976 of 1000 running...
Epoch 976 complete. Test Loss: 0.195849 

Epoch 977 of 1000 running...
Epoch 977 complete. Test Loss: 0.192252 

Epoch 978 of 1000 running...
Epoch 978 complete. Test Loss: 0.198968 

Epoch 979 of 1000 running...
Epoch 979 complete. Test Loss: 0.198009 

Epoch 980 of 1000 running...
Epoch 980 complete. Test Loss: 0.203698 

Epoch 981 of 1000 running...
Epoch 981 complete. Test Loss: 0.198686 

Epoch 982 of 1000 running...
Epoch 982 complete. Test Loss: 0.201691 

Epoch 983 of 1000 running...
Epoch 983 complete. Test Loss: 0.199165 

Epoch 984 of 1000 running...
Epoch 984 complete. Test Loss: 0.206478 

Epoch 985 of 1000 running...
Epoch 985 complete. Test Loss: 0.207089 

Epoch 986 of 1000 running...
Epoch 986 complete. Test Loss: 0.210387 

Epoch 987 of 1000 running...
Epoch 987 complete. Test Loss: 0.200174 

Epoch 988 of 1000 running...
Epoch 988 complete. Test Loss: 0.205524 

Epoch 989 of 1000 running...
Epoch 989 complete. Test Loss: 0.206685 

Epoch 990 of 1000 running...
Epoch 990 complete. Test Loss: 0.205041 

Epoch 991 of 1000 running...
Epoch 991 complete. Test Loss: 0.207149 

Epoch 992 of 1000 running...
Epoch 992 complete. Test Loss: 0.199940 

Epoch 993 of 1000 running...
Epoch 993 complete. Test Loss: 0.211024 

Epoch 994 of 1000 running...
Epoch 994 complete. Test Loss: 0.203004 

Epoch 995 of 1000 running...
Epoch 995 complete. Test Loss: 0.196718 

Epoch 996 of 1000 running...
Epoch 996 complete. Test Loss: 0.196552 

Epoch 997 of 1000 running...
Epoch 997 complete. Test Loss: 0.191998 

Epoch 998 of 1000 running...
Epoch 998 complete. Test Loss: 0.198312 

Epoch 999 of 1000 running...
Epoch 999 complete. Test Loss: 0.208997 

Training on 1000 epochs completed in 117.82975942293803 minutes.

Starting calculation Three-way of Diversity, Damage and visual: umap
Traceback (most recent call last):
  File "./reconstructor.py", line 467, in <module>
    training_instance.post_training_metrics()
  File "./reconstructor.py", line 399, in post_training_metrics
    dr.clusters_original_vs_transformed_plots({key.split('_')[0]: test_data_dict[key][0], key.split('_')[1]: test_data_dict[key][1]},labels=test_data_dict[key][0]['sex'], dimRedFn=self.dim_red, savefig=path_to_eval+f"label_{key}_{self.dim_red}.png")
  File "/project/6022344/jct/reconstructor/Modules/Visualisation.py", line 213, in clusters_original_vs_transformed_plots
    r = reduction_fn(dFrame, *args, **kwargs)
  File "/project/6022344/jct/reconstructor/Modules/Visualisation.py", line 53, in umap
    umap_data = umap.UMAP(min_dist=min_dist, n_components=n_components).fit_transform(dFrame.values)
AttributeError: module 'umap' has no attribute 'UMAP'
